[2026-05-12T22:36:04.328Z] GET https://alistardust.github.io/freedom-and-dignity-project/policyos.html → 200 (144ms, 66858B)
[2026-05-12T22:36:04.475Z] GET https://alistardust.github.io/freedom-and-dignity-project/assets/css/style.css → 200 (70ms, 157454B)
[2026-05-12T22:36:04.475Z] GET https://alistardust.github.io/freedom-and-dignity-project/assets/img/logo.svg → 200 (66ms, 3426B)
[2026-05-12T22:36:04.475Z] GET https://alistardust.github.io/freedom-and-dignity-project/assets/js/data.js → 200 (67ms, 24581B)
[2026-05-12T22:36:04.475Z] GET https://alistardust.github.io/freedom-and-dignity-project/assets/js/app.js → 200 (67ms, 25059B)
[2026-05-12T22:36:04.552Z] GET https://fonts.googleapis.com/css2?family=Oswald:wght@300;400;500;600;700&family=Playfair+Display:ital,wght@0,400;0,700;0,900;1,400;1,700&family=Libre+Franklin:ital,wght@0,300;0,400;0,500;0,600;0,700;1,300;1,400&display=swap → 200 (87ms, 31001B)
[2026-05-12T22:36:04.690Z] GET https://fonts.gstatic.com/s/librefranklin/v20/jizDREVItHgc8qDIbSTKq4XkRiUf2zc.woff2 → 200 (93ms, 29292B)
[2026-05-12T22:36:04.690Z] GET https://fonts.gstatic.com/s/oswald/v57/TK3iWkUHHAIjg752GT8G.woff2 → 200 (96ms, 28488B)
[2026-05-12T22:36:15.765Z] GET https://alistardust.github.io/freedom-and-dignity-project/policyos.html → 200 (1ms, 66858B)
[2026-05-12T22:36:15.770Z] GET https://alistardust.github.io/freedom-and-dignity-project/assets/css/style.css → 200 (1ms, 157454B)
[2026-05-12T22:36:15.771Z] GET https://alistardust.github.io/freedom-and-dignity-project/assets/img/logo.svg → 200 (?ms, 3426B)
[2026-05-12T22:36:15.772Z] GET https://alistardust.github.io/freedom-and-dignity-project/assets/js/data.js → 200 (?ms, 24581B)
[2026-05-12T22:36:15.772Z] GET https://alistardust.github.io/freedom-and-dignity-project/assets/js/app.js → 200 (?ms, 25059B)
[2026-05-12T22:36:15.775Z] GET https://fonts.googleapis.com/css2?family=Oswald:wght@300;400;500;600;700&family=Playfair+Display:ital,wght@0,400;0,700;0,900;1,400;1,700&family=Libre+Franklin:ital,wght@0,300;0,400;0,500;0,600;0,700;1,300;1,400&display=swap → 200 (?ms, 31001B)
[2026-05-12T22:36:15.777Z] GET https://fonts.gstatic.com/s/librefranklin/v20/jizDREVItHgc8qDIbSTKq4XkRiUf2zc.woff2 → 200 (?ms, ?B)
[2026-05-12T22:36:15.778Z] GET https://fonts.gstatic.com/s/oswald/v57/TK3iWkUHHAIjg752GT8G.woff2 → 200 (?ms, ?B)
[2026-05-12T22:37:00.457Z] GET https://alistardust.github.io/freedom-and-dignity-project/policyos.html → 200 (1ms, 66858B)
[2026-05-12T22:37:00.461Z] GET https://alistardust.github.io/freedom-and-dignity-project/assets/css/style.css → 200 (1ms, 157454B)
[2026-05-12T22:37:00.462Z] GET https://alistardust.github.io/freedom-and-dignity-project/assets/img/logo.svg → 200 (?ms, 3426B)
[2026-05-12T22:37:00.462Z] GET https://alistardust.github.io/freedom-and-dignity-project/assets/js/data.js → 200 (?ms, 24581B)
[2026-05-12T22:37:00.463Z] GET https://alistardust.github.io/freedom-and-dignity-project/assets/js/app.js → 200 (?ms, 25059B)
[2026-05-12T22:37:00.464Z] GET https://fonts.googleapis.com/css2?family=Oswald:wght@300;400;500;600;700&family=Playfair+Display:ital,wght@0,400;0,700;0,900;1,400;1,700&family=Libre+Franklin:ital,wght@0,300;0,400;0,500;0,600;0,700;1,300;1,400&display=swap → 200 (?ms, 31001B)
[2026-05-12T22:37:00.468Z] GET https://fonts.gstatic.com/s/librefranklin/v20/jizDREVItHgc8qDIbSTKq4XkRiUf2zc.woff2 → 200 (?ms, ?B)
[2026-05-12T22:37:00.469Z] GET https://fonts.gstatic.com/s/oswald/v57/TK3iWkUHHAIjg752GT8G.woff2 → 200 (?ms, ?B)
[2026-05-12T22:38:43.205Z] GET https://alistardust.github.io/freedom-and-dignity-project/policyos.html → 200 (1ms, 66858B)
[2026-05-12T22:38:43.209Z] GET https://alistardust.github.io/freedom-and-dignity-project/assets/css/style.css → 200 (1ms, 157454B)
[2026-05-12T22:38:43.211Z] GET https://alistardust.github.io/freedom-and-dignity-project/assets/img/logo.svg → 200 (?ms, 3426B)
[2026-05-12T22:38:43.211Z] GET https://alistardust.github.io/freedom-and-dignity-project/assets/js/data.js → 200 (?ms, 24581B)
[2026-05-12T22:38:43.211Z] GET https://alistardust.github.io/freedom-and-dignity-project/assets/js/app.js → 200 (?ms, 25059B)
[2026-05-12T22:38:43.214Z] GET https://fonts.googleapis.com/css2?family=Oswald:wght@300;400;500;600;700&family=Playfair+Display:ital,wght@0,400;0,700;0,900;1,400;1,700&family=Libre+Franklin:ital,wght@0,300;0,400;0,500;0,600;0,700;1,300;1,400&display=swap → 200 (?ms, 31001B)
[2026-05-12T22:38:43.216Z] GET https://fonts.gstatic.com/s/librefranklin/v20/jizDREVItHgc8qDIbSTKq4XkRiUf2zc.woff2 → 200 (?ms, ?B)
[2026-05-12T22:38:43.217Z] GET https://fonts.gstatic.com/s/oswald/v57/TK3iWkUHHAIjg752GT8G.woff2 → 200 (?ms, ?B)
[2026-05-12T22:39:53.368Z] GET https://alistardust.github.io/freedom-and-dignity-project/policyos.html → 200 (1ms, 66858B)
[2026-05-12T22:39:53.372Z] GET https://alistardust.github.io/freedom-and-dignity-project/assets/css/style.css → 200 (1ms, 157454B)
[2026-05-12T22:39:53.374Z] GET https://alistardust.github.io/freedom-and-dignity-project/assets/img/logo.svg → 200 (?ms, 3426B)
[2026-05-12T22:39:53.374Z] GET https://alistardust.github.io/freedom-and-dignity-project/assets/js/data.js → 200 (?ms, 24581B)
[2026-05-12T22:39:53.374Z] GET https://alistardust.github.io/freedom-and-dignity-project/assets/js/app.js → 200 (?ms, 25059B)
[2026-05-12T22:39:53.375Z] GET https://fonts.googleapis.com/css2?family=Oswald:wght@300;400;500;600;700&family=Playfair+Display:ital,wght@0,400;0,700;0,900;1,400;1,700&family=Libre+Franklin:ital,wght@0,300;0,400;0,500;0,600;0,700;1,300;1,400&display=swap → 200 (?ms, 31001B)
[2026-05-12T22:39:53.378Z] GET https://fonts.gstatic.com/s/librefranklin/v20/jizDREVItHgc8qDIbSTKq4XkRiUf2zc.woff2 → 200 (1ms, ?B)
[2026-05-12T22:39:53.379Z] GET https://fonts.gstatic.com/s/oswald/v57/TK3iWkUHHAIjg752GT8G.woff2 → 200 (?ms, ?B)
[2026-05-12T22:41:32.283Z] GET https://alistardust.github.io/freedom-and-dignity-project/policyos.html → 200 (?ms, 66858B)
[2026-05-12T22:41:32.288Z] GET https://alistardust.github.io/freedom-and-dignity-project/assets/css/style.css → 200 (?ms, 157454B)
[2026-05-12T22:41:32.288Z] GET https://alistardust.github.io/freedom-and-dignity-project/assets/img/logo.svg → 200 (?ms, 3426B)
[2026-05-12T22:41:32.288Z] GET https://alistardust.github.io/freedom-and-dignity-project/assets/js/data.js → 200 (?ms, 24581B)
[2026-05-12T22:41:32.288Z] GET https://alistardust.github.io/freedom-and-dignity-project/assets/js/app.js → 200 (?ms, 25059B)
[2026-05-12T22:41:32.290Z] GET https://fonts.googleapis.com/css2?family=Oswald:wght@300;400;500;600;700&family=Playfair+Display:ital,wght@0,400;0,700;0,900;1,400;1,700&family=Libre+Franklin:ital,wght@0,300;0,400;0,500;0,600;0,700;1,300;1,400&display=swap → 200 (?ms, 31001B)
[2026-05-12T22:41:32.294Z] GET https://fonts.gstatic.com/s/librefranklin/v20/jizDREVItHgc8qDIbSTKq4XkRiUf2zc.woff2 → 200 (?ms, ?B)
[2026-05-12T22:41:32.294Z] GET https://fonts.gstatic.com/s/oswald/v57/TK3iWkUHHAIjg752GT8G.woff2 → 200 (?ms, ?B)
